TN:
SF:src/App.tsx
FN:9,App
FNF:1
FNH:0
FNDA:0,App
DA:10,0
LF:1
LH:0
BRF:0
BRH:0
end_of_record
TN:
SF:src/components/Layout/Layout.tsx
FN:13,Layout
FN:25,(anonymous_1)
FN:41,(anonymous_2)
FNF:3
FNH:3
FNDA:22,Layout
FNDA:1,(anonymous_1)
FNDA:5,(anonymous_2)
DA:6,1
DA:14,22
DA:15,22
DA:16,22
DA:18,22
DA:25,1
DA:41,5
LF:7
LH:7
BRDA:16,0,0,22
BRDA:16,0,1,0
BRDA:21,1,0,22
BRDA:21,1,1,4
BRDA:32,2,0,4
BRDA:32,2,1,18
BRF:6
BRH:5
end_of_record
TN:
SF:src/components/Layout/Navbar.tsx
FN:8,Navbar
FNF:1
FNH:1
FNDA:33,Navbar
DA:9,33
LF:1
LH:1
BRF:0
BRH:0
end_of_record
TN:
SF:src/components/Layout/Sidebar.tsx
FN:17,Sidebar
FN:33,(anonymous_1)
FN:38,(anonymous_2)
FNF:3
FNH:3
FNDA:32,Sidebar
FNDA:128,(anonymous_1)
FNDA:128,(anonymous_2)
DA:10,2
DA:18,32
DA:34,128
DA:39,128
LF:4
LH:4
BRDA:40,0,0,32
BRDA:40,0,1,96
BRF:2
BRH:2
end_of_record
TN:
SF:src/components/ui/EmptyState.tsx
FN:9,EmptyState
FNF:1
FNH:1
FNDA:29,EmptyState
DA:10,29
LF:1
LH:1
BRDA:13,0,0,29
BRDA:13,0,1,10
BRDA:16,1,0,29
BRDA:16,1,1,25
BRF:4
BRH:4
end_of_record
TN:
SF:src/components/ui/LoadingSpinner.tsx
FN:6,LoadingSpinner
FNF:1
FNH:1
FNDA:103,LoadingSpinner
DA:7,103
DA:13,103
LF:2
LH:2
BRDA:6,0,0,103
BRDA:18,1,0,103
BRDA:18,1,1,98
BRF:3
BRH:3
end_of_record
TN:
SF:src/components/ui/Modal.tsx
FN:12,Modal
FN:13,(anonymous_1)
FN:19,(anonymous_2)
FN:24,(anonymous_3)
FN:25,handleEscape
FN:30,(anonymous_5)
FNF:6
FNH:6
FNDA:299,Modal
FNDA:153,(anonymous_1)
FNDA:153,(anonymous_2)
FNDA:299,(anonymous_3)
FNDA:2,handleEscape
FNDA:108,(anonymous_5)
DA:13,299
DA:14,153
DA:15,39
DA:17,114
DA:19,153
DA:20,153
DA:24,299
DA:26,2
DA:28,299
DA:29,108
DA:30,108
DA:34,299
DA:36,108
DA:42,108
LF:14
LH:14
BRDA:12,0,0,299
BRDA:14,1,0,39
BRDA:14,1,1,114
BRDA:26,2,0,1
BRDA:26,2,1,1
BRDA:28,3,0,108
BRDA:28,3,1,191
BRDA:34,4,0,191
BRDA:34,4,1,108
BRF:9
BRH:9
end_of_record
TN:
SF:src/components/ui/StatusBadge.tsx
FN:7,StatusBadge
FNF:1
FNH:1
FNDA:135,StatusBadge
DA:8,135
DA:10,135
LF:2
LH:2
BRDA:13,0,0,89
BRDA:13,0,1,46
BRDA:20,1,0,89
BRDA:20,1,1,46
BRDA:23,2,0,89
BRDA:23,2,1,46
BRF:6
BRH:6
end_of_record
TN:
SF:src/components/ui/Toast.tsx
FN:14,Toast
FN:15,(anonymous_1)
FN:18,(anonymous_2)
FNF:3
FNH:3
FNDA:218,Toast
FNDA:218,(anonymous_1)
FNDA:30,(anonymous_2)
DA:15,218
DA:16,218
DA:17,30
DA:18,30
DA:22,218
DA:24,30
DA:26,30
LF:7
LH:7
BRDA:16,0,0,30
BRDA:16,0,1,188
BRDA:22,1,0,188
BRDA:22,1,1,30
BRDA:30,2,0,13
BRDA:30,2,1,17
BRDA:35,3,0,13
BRDA:35,3,1,17
BRF:8
BRH:8
end_of_record
TN:
SF:src/config/api.ts
FN:13,extractErrorMessage
FN:24,extractValidationErrors
FNF:2
FNH:2
FNDA:21,extractErrorMessage
FNDA:12,extractValidationErrors
DA:4,7
DA:6,7
DA:14,21
DA:15,3
DA:16,3
DA:18,18
DA:19,15
DA:21,3
DA:25,12
DA:26,6
DA:27,6
DA:29,6
LF:12
LH:12
BRDA:4,0,0,7
BRDA:4,0,1,7
BRDA:14,1,0,3
BRDA:14,1,1,18
BRDA:14,2,0,21
BRDA:14,2,1,3
BRDA:16,3,0,3
BRDA:16,3,1,1
BRDA:18,4,0,15
BRDA:18,4,1,3
BRDA:25,5,0,6
BRDA:25,5,1,6
BRDA:25,6,0,12
BRDA:25,6,1,6
BRDA:27,7,0,6
BRDA:27,7,1,1
BRF:16
BRH:16
end_of_record
TN:
SF:src/pages/Books.tsx
FN:21,Books
FN:33,(anonymous_1)
FN:44,(anonymous_2)
FN:49,(anonymous_3)
FN:57,(anonymous_4)
FN:64,openAddModal
FN:71,openEditModal
FN:83,closeModal
FN:90,handleChange
FN:92,(anonymous_9)
FN:98,handleSubmit
FN:125,handleDelete
FN:166,(anonymous_12)
FN:171,(anonymous_13)
FN:220,(anonymous_14)
FN:253,(anonymous_15)
FN:260,(anonymous_16)
FN:387,(anonymous_17)
FNF:18
FNH:18
FNDA:104,Books
FNDA:30,(anonymous_1)
FNDA:26,(anonymous_2)
FNDA:26,(anonymous_3)
FNDA:214,(anonymous_4)
FNDA:7,openAddModal
FNDA:4,openEditModal
FNDA:5,closeModal
FNDA:16,handleChange
FNDA:16,(anonymous_9)
FNDA:8,handleSubmit
FNDA:3,handleDelete
FNDA:4,(anonymous_12)
FNDA:1,(anonymous_13)
FNDA:205,(anonymous_14)
FNDA:4,(anonymous_15)
FNDA:3,(anonymous_16)
FNDA:1,(anonymous_17)
DA:19,1
DA:22,104
DA:23,104
DA:24,104
DA:25,104
DA:26,104
DA:27,104
DA:28,104
DA:29,104
DA:30,104
DA:31,104
DA:33,104
DA:34,30
DA:35,30
DA:36,27
DA:38,2
DA:40,29
DA:44,104
DA:45,26
DA:49,104
DA:50,26
DA:51,1
DA:52,1
DA:53,1
DA:57,104
DA:59,214
DA:65,7
DA:66,7
DA:67,7
DA:68,7
DA:72,4
DA:73,4
DA:79,4
DA:80,4
DA:84,5
DA:85,5
DA:86,5
DA:87,5
DA:91,16
DA:92,16
DA:99,8
DA:100,8
DA:101,8
DA:103,8
DA:104,8
DA:105,3
DA:106,1
DA:108,5
DA:109,2
DA:111,3
DA:112,3
DA:114,4
DA:115,4
DA:116,2
DA:118,2
DA:121,7
DA:126,3
DA:127,1
DA:129,2
DA:130,2
DA:131,1
DA:132,1
DA:134,1
DA:138,104
DA:140,76
DA:166,4
DA:171,1
DA:221,205
DA:253,4
DA:260,3
DA:387,1
LF:71
LH:71
BRDA:50,0,0,1
BRDA:50,0,1,25
BRDA:59,1,0,214
BRDA:59,1,1,11
BRDA:59,1,2,10
BRDA:94,2,0,3
BRDA:94,2,1,13
BRDA:94,3,0,3
BRDA:94,3,1,1
BRDA:104,4,0,3
BRDA:104,4,1,5
BRDA:115,5,0,2
BRDA:115,5,1,2
BRDA:126,6,0,1
BRDA:126,6,1,2
BRDA:138,7,0,28
BRDA:138,7,1,76
BRDA:147,8,0,75
BRDA:147,8,1,1
BRDA:169,9,0,104
BRDA:169,9,1,4
BRDA:180,10,0,5
BRDA:180,10,1,71
BRDA:181,11,0,1
BRDA:181,11,1,4
BRDA:237,12,0,137
BRDA:237,12,1,68
BRDA:244,13,0,137
BRDA:244,13,1,68
BRDA:280,14,0,10
BRDA:280,14,1,66
BRDA:294,15,0,1
BRDA:294,15,1,75
BRDA:300,16,0,104
BRDA:300,16,1,1
BRDA:315,17,0,1
BRDA:315,17,1,75
BRDA:321,18,0,104
BRDA:321,18,1,1
BRDA:336,19,0,1
BRDA:336,19,1,75
BRDA:342,20,0,104
BRDA:342,20,1,1
BRDA:358,21,0,1
BRDA:358,21,1,75
BRDA:363,22,0,104
BRDA:363,22,1,1
BRDA:381,23,0,8
BRDA:381,23,1,68
BRDA:381,24,0,7
BRDA:381,24,1,61
BRF:51
BRH:51
end_of_record
TN:
SF:src/pages/BorrowRecords.tsx
FN:25,BorrowRecords
FN:41,(anonymous_1)
FN:56,(anonymous_2)
FN:61,(anonymous_3)
FN:69,(anonymous_4)
FN:75,openBorrowModal
FN:81,(anonymous_6)
FN:88,handleBorrow
FN:108,handleReturn
FN:118,(anonymous_9)
FN:119,(anonymous_10)
FN:187,(anonymous_11)
FN:192,(anonymous_12)
FN:241,(anonymous_13)
FN:277,(anonymous_14)
FN:295,(anonymous_15)
FN:306,(anonymous_16)
FN:311,(anonymous_17)
FN:325,(anonymous_18)
FN:330,(anonymous_19)
FN:351,(anonymous_20)
FN:355,(anonymous_21)
FN:372,(anonymous_22)
FN:388,(anonymous_23)
FNF:24
FNH:23
FNDA:81,BorrowRecords
FNDA:26,(anonymous_1)
FNDA:24,(anonymous_2)
FNDA:24,(anonymous_3)
FNDA:131,(anonymous_4)
FNDA:7,openBorrowModal
FNDA:10,(anonymous_6)
FNDA:3,handleBorrow
FNDA:2,handleReturn
FNDA:131,(anonymous_9)
FNDA:131,(anonymous_10)
FNDA:4,(anonymous_11)
FNDA:1,(anonymous_12)
FNDA:122,(anonymous_13)
FNDA:2,(anonymous_14)
FNDA:0,(anonymous_15)
FNDA:3,(anonymous_16)
FNDA:101,(anonymous_17)
FNDA:3,(anonymous_18)
FNDA:34,(anonymous_19)
FNDA:8,(anonymous_20)
FNDA:8,(anonymous_21)
FNDA:1,(anonymous_22)
FNDA:1,(anonymous_23)
DA:26,81
DA:27,81
DA:28,81
DA:29,81
DA:30,81
DA:33,81
DA:34,81
DA:35,81
DA:36,81
DA:37,81
DA:38,81
DA:39,81
DA:41,81
DA:42,26
DA:43,26
DA:47,23
DA:48,23
DA:50,2
DA:52,25
DA:56,81
DA:57,24
DA:61,81
DA:62,24
DA:63,1
DA:64,1
DA:65,1
DA:69,81
DA:71,131
DA:76,7
DA:77,7
DA:78,7
DA:79,7
DA:80,7
DA:81,10
DA:82,6
DA:84,1
DA:89,3
DA:90,3
DA:92,3
DA:93,3
DA:94,3
DA:98,1
DA:99,1
DA:100,1
DA:102,1
DA:104,2
DA:109,2
DA:110,2
DA:111,1
DA:112,1
DA:114,1
DA:118,131
DA:119,131
DA:121,81
DA:123,55
DA:187,4
DA:192,1
DA:242,122
DA:277,2
DA:295,0
DA:306,3
DA:312,101
DA:325,3
DA:331,34
DA:351,8
DA:355,8
DA:372,1
DA:388,1
LF:68
LH:67
BRDA:62,0,0,1
BRDA:62,0,1,23
BRDA:71,1,0,131
BRDA:71,1,1,11
BRDA:90,2,0,0
BRDA:90,2,1,3
BRDA:90,3,0,3
BRDA:90,3,1,3
BRDA:121,4,0,26
BRDA:121,4,1,55
BRDA:130,5,0,54
BRDA:130,5,1,1
BRDA:131,6,0,53
BRDA:131,6,1,2
BRDA:190,7,0,81
BRDA:190,7,1,4
BRDA:201,8,0,11
BRDA:201,8,1,44
BRDA:202,9,0,1
BRDA:202,9,1,10
BRDA:262,10,0,40
BRDA:262,10,1,82
BRDA:275,11,0,122
BRDA:275,11,1,82
BRDA:336,12,0,81
BRDA:336,12,1,38
BRDA:343,13,0,81
BRDA:343,13,1,8
BRDA:343,13,2,8
BRDA:379,14,0,81
BRDA:379,14,1,52
BRDA:379,14,2,5
BRDA:382,15,0,3
BRDA:382,15,1,52
BRF:34
BRH:33
end_of_record
TN:
SF:src/pages/Dashboard.tsx
FN:25,Dashboard
FN:37,(anonymous_1)
FN:38,loadData
FN:47,(anonymous_3)
FN:48,(anonymous_4)
FN:116,(anonymous_5)
FN:155,(anonymous_6)
FN:227,(anonymous_7)
FNF:8
FNH:8
FNDA:15,Dashboard
FNDA:8,(anonymous_1)
FNDA:8,loadData
FNDA:10,(anonymous_3)
FNDA:8,(anonymous_4)
FNDA:24,(anonymous_5)
FNDA:8,(anonymous_6)
FNDA:10,(anonymous_7)
DA:26,15
DA:32,15
DA:33,15
DA:34,15
DA:35,15
DA:37,15
DA:39,8
DA:40,8
DA:46,6
DA:47,10
DA:48,8
DA:50,6
DA:57,6
DA:58,6
DA:60,1
DA:62,7
DA:65,8
DA:68,15
DA:70,7
DA:71,1
DA:81,6
DA:112,6
DA:117,24
DA:118,24
DA:156,8
DA:228,10
LF:26
LH:26
BRDA:68,0,0,8
BRDA:68,0,1,7
BRDA:70,1,0,1
BRDA:70,1,1,6
BRDA:148,2,0,2
BRDA:148,2,1,4
BRDA:223,3,0,1
BRDA:223,3,1,5
BRF:8
BRH:8
end_of_record
TN:
SF:src/pages/NotFound.tsx
FN:4,NotFound
FNF:1
FNH:0
FNDA:0,NotFound
DA:5,0
LF:1
LH:0
BRF:0
BRH:0
end_of_record
TN:
SF:src/pages/Users.tsx
FN:16,UsersPage
FN:32,(anonymous_1)
FN:43,(anonymous_2)
FN:48,(anonymous_3)
FN:56,(anonymous_4)
FN:63,openAddModal
FN:70,openEditModal
FN:81,openDetails
FN:95,closeModal
FN:102,handleChange
FN:104,(anonymous_10)
FN:107,handleSubmit
FN:134,handleDelete
FN:175,(anonymous_13)
FN:180,(anonymous_14)
FN:223,(anonymous_15)
FN:227,(anonymous_16)
FN:242,(anonymous_17)
FN:249,(anonymous_18)
FN:358,(anonymous_19)
FN:371,(anonymous_20)
FN:406,(anonymous_21)
FNF:22
FNH:22
FNDA:111,UsersPage
FNDA:32,(anonymous_1)
FNDA:29,(anonymous_2)
FNDA:29,(anonymous_3)
FNDA:226,(anonymous_4)
FNDA:6,openAddModal
FNDA:4,openEditModal
FNDA:4,openDetails
FNDA:4,closeModal
FNDA:10,handleChange
FNDA:10,(anonymous_10)
FNDA:7,handleSubmit
FNDA:3,handleDelete
FNDA:5,(anonymous_13)
FNDA:1,(anonymous_14)
FNDA:215,(anonymous_15)
FNDA:4,(anonymous_16)
FNDA:4,(anonymous_17)
FNDA:3,(anonymous_18)
FNDA:1,(anonymous_19)
FNDA:2,(anonymous_20)
FNDA:1,(anonymous_21)
DA:14,1
DA:17,111
DA:18,111
DA:19,111
DA:20,111
DA:21,111
DA:22,111
DA:23,111
DA:24,111
DA:25,111
DA:26,111
DA:27,111
DA:28,111
DA:29,111
DA:30,111
DA:32,111
DA:33,32
DA:34,32
DA:35,29
DA:37,2
DA:39,31
DA:43,111
DA:44,29
DA:48,111
DA:49,29
DA:50,1
DA:51,1
DA:52,1
DA:56,111
DA:58,226
DA:64,6
DA:65,6
DA:66,6
DA:67,6
DA:71,4
DA:72,4
DA:77,4
DA:78,4
DA:82,4
DA:83,4
DA:84,4
DA:85,4
DA:86,4
DA:87,3
DA:89,1
DA:91,4
DA:96,4
DA:97,4
DA:98,4
DA:99,4
DA:103,10
DA:104,10
DA:108,7
DA:109,7
DA:110,7
DA:112,7
DA:113,7
DA:114,3
DA:115,1
DA:117,4
DA:118,1
DA:120,2
DA:121,2
DA:123,4
DA:124,4
DA:125,2
DA:127,2
DA:130,6
DA:135,3
DA:136,1
DA:138,2
DA:139,2
DA:140,1
DA:141,1
DA:143,1
DA:147,111
DA:149,80
DA:175,5
DA:180,1
DA:224,215
DA:227,4
DA:242,4
DA:249,3
DA:358,1
DA:372,2
DA:406,1
LF:86
LH:86
BRDA:49,0,0,1
BRDA:49,0,1,28
BRDA:58,1,0,226
BRDA:58,1,1,13
BRDA:58,1,2,12
BRDA:113,2,0,3
BRDA:113,2,1,4
BRDA:124,3,0,2
BRDA:124,3,1,2
BRDA:135,4,0,1
BRDA:135,4,1,2
BRDA:147,5,0,31
BRDA:147,5,1,80
BRDA:156,6,0,79
BRDA:156,6,1,1
BRDA:178,7,0,111
BRDA:178,7,1,5
BRDA:189,8,0,5
BRDA:189,8,1,75
BRDA:190,9,0,1
BRDA:190,9,1,4
BRDA:269,10,0,10
BRDA:269,10,1,70
BRDA:283,11,0,1
BRDA:283,11,1,79
BRDA:289,12,0,111
BRDA:289,12,1,1
BRDA:304,13,0,1
BRDA:304,13,1,79
BRDA:310,14,0,111
BRDA:310,14,1,1
BRDA:325,15,0,1
BRDA:325,15,1,79
BRDA:331,16,0,111
BRDA:331,16,1,1
BRDA:349,17,0,7
BRDA:349,17,1,73
BRDA:349,18,0,7
BRDA:349,18,1,66
BRDA:359,19,0,111
BRDA:359,19,1,71
BRDA:362,20,0,4
BRDA:362,20,1,76
BRDA:364,21,0,75
BRDA:364,21,1,1
BRDA:382,22,0,2
BRDA:382,22,1,1
BRDA:388,23,0,1
BRDA:388,23,1,1
BRDA:395,24,0,1
BRDA:395,24,1,1
BRDA:398,25,0,1
BRDA:398,25,1,1
BRF:53
BRH:53
end_of_record
TN:
SF:src/services/bookService.ts
FN:7,getAll
FN:12,getById
FN:17,create
FN:22,update
FN:27,delete
FNF:5
FNH:5
FNDA:3,getAll
FNDA:1,getById
FNDA:1,create
FNDA:1,update
FNDA:2,delete
DA:4,1
DA:6,1
DA:8,3
DA:9,2
DA:13,1
DA:14,1
DA:18,1
DA:19,1
DA:23,1
DA:24,1
DA:28,2
LF:11
LH:11
BRF:0
BRH:0
end_of_record
TN:
SF:src/services/borrowService.ts
FN:7,borrow
FN:12,returnBook
FN:17,getHistory
FN:22,getHistoryByUser
FNF:4
FNH:4
FNDA:2,borrow
FNDA:1,returnBook
FNDA:2,getHistory
FNDA:1,getHistoryByUser
DA:4,1
DA:6,1
DA:8,2
DA:9,1
DA:13,1
DA:14,1
DA:18,2
DA:19,2
DA:23,1
DA:24,1
LF:10
LH:10
BRF:0
BRH:0
end_of_record
TN:
SF:src/services/userService.ts
FN:7,getAll
FN:12,getById
FN:17,create
FN:22,update
FN:27,delete
FNF:5
FNH:5
FNDA:2,getAll
FNDA:1,getById
FNDA:1,create
FNDA:1,update
FNDA:1,delete
DA:4,1
DA:6,1
DA:8,2
DA:9,2
DA:13,1
DA:14,1
DA:18,1
DA:19,1
DA:23,1
DA:24,1
DA:28,1
LF:11
LH:11
BRF:0
BRH:0
end_of_record
TN:
SF:src/types/api.ts
FNF:0
FNH:0
LF:0
LH:0
BRF:0
BRH:0
end_of_record
TN:
SF:src/types/book.ts
FNF:0
FNH:0
LF:0
LH:0
BRF:0
BRH:0
end_of_record
TN:
SF:src/types/borrow.ts
FNF:0
FNH:0
LF:0
LH:0
BRF:0
BRH:0
end_of_record
TN:
SF:src/types/user.ts
FNF:0
FNH:0
LF:0
LH:0
BRF:0
BRH:0
end_of_record
